# JRE version: OpenJDK Runtime Environment (8.0_232-b09) (build 1.8.0_232-b09)
# Java VM: OpenJDK Client VM (25.232-b09 mixed mode windows-x86 )
Heap:
 def new generation   total 39424K, used 49K [0x10200000, 0x12cc0000, 0x1aca0000)
  eden space 35072K,   0% used [0x10200000, 0x10200000, 0x12440000)
  from space 4352K,   1% used [0x12880000, 0x1288c790, 0x12cc0000)
  to   space 4352K,   0% used [0x12440000, 0x12440000, 0x12880000)
 tenured generation   total 91264K, used 91136K [0x1aca0000, 0x205c0000, 0x30200000)
   the space 91264K,  99% used [0x1aca0000, 0x205a0058, 0x1b4e6a00, 0x205c0000)
 Metaspace       used 24986K, capacity 25681K, committed 25728K, reserved 25984K
GC Heap History (10 events):
Event: 3.617 GC heap after
Heap after GC invocations=6 (full 2):
 def new generation   total 39424K, used 0K [0x10200000, 0x12cc0000, 0x1aca0000)
  eden space 35072K,   0% used [0x10200000, 0x10200000, 0x12440000)
  from space 4352K,   0% used [0x12440000, 0x12440000, 0x12880000)
  to   space 4352K,   0% used [0x12880000, 0x12880000, 0x12cc0000)
 tenured generation   total 87424K, used 37298K [0x1aca0000, 0x20200000, 0x30200000)
   the space 87424K,  42% used [0x1aca0000, 0x1d10c9d0, 0x1d10ca00, 0x20200000)
 Metaspace       used 19955K, capacity 20443K, committed 20480K, reserved 20864K
}
Event: 4.221 GC heap before
{Heap before GC invocations=6 (full 2):
 def new generation   total 39424K, used 35072K [0x10200000, 0x12cc0000, 0x1aca0000)
  eden space 35072K, 100% used [0x10200000, 0x12440000, 0x12440000)
  from space 4352K,   0% used [0x12440000, 0x12440000, 0x12880000)
  to   space 4352K,   0% used [0x12880000, 0x12880000, 0x12cc0000)
 tenured generation   total 87424K, used 37298K [0x1aca0000, 0x20200000, 0x30200000)
   the space 87424K,  42% used [0x1aca0000, 0x1d10c9d0, 0x1d10ca00, 0x20200000)
 Metaspace       used 23272K, capacity 23807K, committed 23936K, reserved 23936K
Event: 4.247 GC heap after
Heap after GC invocations=7 (full 2):
 def new generation   total 39424K, used 4352K [0x10200000, 0x12cc0000, 0x1aca0000)
  eden space 35072K,   0% used [0x10200000, 0x10200000, 0x12440000)
  from space 4352K, 100% used [0x12880000, 0x12cc0000, 0x12cc0000)
  to   space 4352K,   0% used [0x12440000, 0x12440000, 0x12880000)
 tenured generation   total 87424K, used 46668K [0x1aca0000, 0x20200000, 0x30200000)
   the space 87424K,  53% used [0x1aca0000, 0x1da33148, 0x1da33200, 0x20200000)
 Metaspace       used 23272K, capacity 23807K, committed 23936K, reserved 23936K
}
Event: 68.860 GC heap before
{Heap before GC invocations=7 (full 2):
 def new generation   total 39424K, used 35795K [0x10200000, 0x12cc0000, 0x1aca0000)
  eden space 35072K,  89% used [0x10200000, 0x120b4f48, 0x12440000)
  from space 4352K, 100% used [0x12880000, 0x12cc0000, 0x12cc0000)
  to   space 4352K,   0% used [0x12440000, 0x12440000, 0x12880000)
 tenured generation   total 87424K, used 46668K [0x1aca0000, 0x20200000, 0x30200000)
   the space 87424K,  53% used [0x1aca0000, 0x1da33148, 0x1da33200, 0x20200000)
 Metaspace       used 24888K, capacity 25510K, committed 25600K, reserved 25984K
Event: 68.873 GC heap after
Heap after GC invocations=8 (full 2):
 def new generation   total 39424K, used 4352K [0x10200000, 0x12cc0000, 0x1aca0000)
  eden space 35072K,   0% used [0x10200000, 0x10200000, 0x12440000)
  from space 4352K, 100% used [0x12440000, 0x12880000, 0x12880000)
  to   space 4352K,   0% used [0x12880000, 0x12880000, 0x12cc0000)
 tenured generation   total 87424K, used 54996K [0x1aca0000, 0x20200000, 0x30200000)
   the space 87424K,  62% used [0x1aca0000, 0x1e255380, 0x1e255400, 0x20200000)
 Metaspace       used 24888K, capacity 25510K, committed 25600K, reserved 25984K
}
Event: 68.886 GC heap before
{Heap before GC invocations=8 (full 2):
 def new generation   total 39424K, used 28941K [0x10200000, 0x12cc0000, 0x1aca0000)
  eden space 35072K,  70% used [0x10200000, 0x11a03450, 0x12440000)
  from space 4352K, 100% used [0x12440000, 0x12880000, 0x12880000)
  to   space 4352K,   0% used [0x12880000, 0x12880000, 0x12cc0000)
 tenured generation   total 87424K, used 54996K [0x1aca0000, 0x20200000, 0x30200000)
   the space 87424K,  62% used [0x1aca0000, 0x1e255380, 0x1e255400, 0x20200000)
 Metaspace       used 24888K, capacity 25510K, committed 25600K, reserved 25984K
Event: 68.896 GC heap after
Heap after GC invocations=9 (full 2):
 def new generation   total 39424K, used 0K [0x10200000, 0x12cc0000, 0x1aca0000)
  eden space 35072K,   0% used [0x10200000, 0x10200000, 0x12440000)
  from space 4352K,   0% used [0x12880000, 0x12880078, 0x12cc0000)
  to   space 4352K,   0% used [0x12440000, 0x12440000, 0x12880000)
 tenured generation   total 87424K, used 71376K [0x1aca0000, 0x20200000, 0x30200000)
   the space 87424K,  81% used [0x1aca0000, 0x1f2540b0, 0x1f254200, 0x20200000)
 Metaspace       used 24888K, capacity 25510K, committed 25600K, reserved 25984K
}
Event: 69.131 GC heap before
{Heap before GC invocations=9 (full 2):
 def new generation   total 39424K, used 35072K [0x10200000, 0x12cc0000, 0x1aca0000)
  eden space 35072K, 100% used [0x10200000, 0x12440000, 0x12440000)
  from space 4352K,   0% used [0x12880000, 0x12880078, 0x12cc0000)
  to   space 4352K,   0% used [0x12440000, 0x12440000, 0x12880000)
 tenured generation   total 87424K, used 71376K [0x1aca0000, 0x20200000, 0x30200000)
   the space 87424K,  81% used [0x1aca0000, 0x1f2540b0, 0x1f254200, 0x20200000)
 Metaspace       used 24938K, capacity 25600K, committed 25600K, reserved 25984K
Event: 69.170 GC heap after
Heap after GC invocations=10 (full 2):
 def new generation   total 39424K, used 4352K [0x10200000, 0x12cc0000, 0x1aca0000)
  eden space 35072K,   0% used [0x10200000, 0x10200000, 0x12440000)
  from space 4352K, 100% used [0x12440000, 0x12880000, 0x12880000)
  to   space 4352K,   0% used [0x12880000, 0x12880000, 0x12cc0000)
 tenured generation   total 87424K, used 86793K [0x1aca0000, 0x20200000, 0x30200000)
   the space 87424K,  99% used [0x1aca0000, 0x20162508, 0x20162600, 0x20200000)
 Metaspace       used 24938K, capacity 25600K, committed 25600K, reserved 25984K
}
Event: 897.090 GC heap before
{Heap before GC invocations=10 (full 2):
 def new generation   total 39424K, used 39424K [0x10200000, 0x12cc0000, 0x1aca0000)
  eden space 35072K, 100% used [0x10200000, 0x12440000, 0x12440000)
  from space 4352K, 100% used [0x12440000, 0x12880000, 0x12880000)
  to   space 4352K,   0% used [0x12880000, 0x12880000, 0x12cc0000)
 tenured generation   total 87424K, used 86793K [0x1aca0000, 0x20200000, 0x30200000)
   the space 87424K,  99% used [0x1aca0000, 0x20162508, 0x20162600, 0x20200000)
 Metaspace       used 24986K, capacity 25681K, committed 25728K, reserved 25984K

